<?xml version="1.0" encoding="UTF-8"?>
<!-- Generated by org.testng.reporters.JUnitReportReporter -->
<testsuite hostname="vinkalyani" failures="1" tests="4" name="testrunners.MyTestRunner" time="24.582" errors="0" timestamp="2024-09-06T17:14:02 IST" skipped="0">
  <testcase classname="testrunners.MyTestRunner" name="runScenario" time="4.578"/>
  <testcase classname="testrunners.MyTestRunner" name="runScenario" time="8.356"/>
  <testcase classname="testrunners.MyTestRunner" name="runScenario" time="5.980">
    <failure message="expected [true] but found [false]" type="java.lang.AssertionError">
      <![CDATA[java.lang.AssertionError: expected [true] but found [false]
at org.testng.Assert.fail(Assert.java:111)
at org.testng.Assert.failNotEquals(Assert.java:1578)
at org.testng.Assert.assertTrue(Assert.java:57)
at org.testng.Assert.assertTrue(Assert.java:67)
at stepdefinitions.AccountsPageSteps.user_gets_accounts_section(AccountsPageSteps.java:45)
at âœ½.user gets accounts section(file:///C:/Users/venka/eclipse-workspace/ecommerce/src/test/resources/apfeatures/AccountsPage.feature:18)
]]>
    </failure>
  </testcase> <!-- runScenario -->
  <testcase classname="testrunners.MyTestRunner" name="runScenario" time="5.668"/>
</testsuite> <!-- testrunners.MyTestRunner -->
