<?xml version="1.0" encoding="UTF-8"?>
<!-- Generated by org.testng.reporters.JUnitReportReporter -->
<testsuite hostname="vinkalyani" failures="0" tests="4" name="testrunners.MyTestRunner" time="25.335" errors="0" timestamp="2024-09-07T11:07:51 IST" skipped="0">
  <testcase classname="testrunners.MyTestRunner" name="runScenario" time="6.982"/>
  <system-out/>
  <testcase classname="testrunners.MyTestRunner" name="runScenario" time="6.429"/>
  <system-out/>
  <testcase classname="testrunners.MyTestRunner" name="runScenario" time="4.124"/>
  <system-out/>
  <testcase classname="testrunners.MyTestRunner" name="runScenario" time="7.800"/>
  <system-out/>
</testsuite> <!-- testrunners.MyTestRunner -->
