<?xml version="1.0" encoding="UTF-8"?>
<!-- Generated by org.testng.reporters.JUnitReportReporter -->
<testsuite hostname="vinkalyani" failures="0" tests="4" name="testrunners.MyTestRunner" time="37.485" errors="0" timestamp="2024-09-07T15:25:53 IST" skipped="0">
  <testcase classname="testrunners.MyTestRunner" name="runScenario" time="8.735"/>
  <system-out/>
  <testcase classname="testrunners.MyTestRunner" name="runScenario" time="6.617"/>
  <system-out/>
  <testcase classname="testrunners.MyTestRunner" name="runScenario" time="7.324"/>
  <system-out/>
  <testcase classname="testrunners.MyTestRunner" name="runScenario" time="14.809"/>
  <system-out/>
</testsuite> <!-- testrunners.MyTestRunner -->
